-------------------------------------------------------------------------------
Test set: com.docker.Fibonacci.ServiceFibonacciApplicationTests
-------------------------------------------------------------------------------
Tests run: 1, Failures: 0, Errors: 1, Skipped: 0, Time elapsed: 0.88 s <<< FAILURE! - in com.docker.Fibonacci.ServiceFibonacciApplicationTests
com.docker.Fibonacci.ServiceFibonacciApplicationTests  Time elapsed: 0.877 s  <<< ERROR!
java.lang.IllegalStateException: Unable to find a @SpringBootConfiguration, you need to use @ContextConfiguration or @SpringBootTest(classes=...) with your test

